2025-09-16 23:33:52,606 [Worker-3: Loading available Gradle versions] INFO  o.e.b.c.i.u.g.PublishedGradleVersions - Gradle version information cache is not available. Remote download required.
2025-09-16 23:36:07,424 [Worker-4: Launching mavenrun-cc9840c4-13b5-4593-81e6-0793174dbc42] INFO  o.e.m.i.launch.MavenLaunchDelegate - Run build in "C:\Users\WINDOW~1\AppData\Local\Temp\m2e-archetypeGenerator6762721656743679657":
2025-09-16 23:36:07,445 [Worker-4: Launching mavenrun-cc9840c4-13b5-4593-81e6-0793174dbc42] INFO  o.e.m.i.launch.MavenLaunchDelegate -  mvn  -DarchetypeGroupId=org.apache.maven.archetypes -DarchetypeArtifactId=maven-archetype-quickstart -DarchetypeVersion=1.1 -DgroupId=com.info -DartifactId=LibraryBook -Dversion=0.0.1-SNAPSHOT -Dpackage=com.info.LibraryBook -DoutputDirectory="D:\Infobeans\Java\September\16 Sept" -Dstyle.color=always -U archetype:generate
2025-09-16 23:37:18,918 [Worker-7: Creating maven-archetype-quickstart] INFO  o.e.m.c.i.p.ProjectConfigurationManager - Collecting project info '/pom.xml' D:\Infobeans\Java\September\16 Sept\LibraryBook\pom.xml
2025-09-16 23:37:20,347 [Worker-7: Creating maven-archetype-quickstart] INFO  o.e.m.c.i.l.LifecycleMappingFactory - Using org.eclipse.m2e.jdt.JarLifecycleMapping lifecycle mapping for MavenProject: com.info:LibraryBook:0.0.1-SNAPSHOT @ D:\Infobeans\Java\September\16 Sept\LibraryBook\pom.xml.
2025-09-16 23:37:22,211 [Worker-7: Creating maven-archetype-quickstart] INFO  o.e.m.j.i.AbstractJavaProjectConfigurator - Adding source folder /LibraryBook/src/main/java
2025-09-16 23:37:22,215 [Worker-7: Creating maven-archetype-quickstart] INFO  o.e.m.j.i.AbstractJavaProjectConfigurator - Adding resource folder /LibraryBook/src/main/resources
2025-09-16 23:37:22,227 [Worker-7: Creating maven-archetype-quickstart] INFO  o.e.m.j.i.AbstractJavaProjectConfigurator - Adding source folder /LibraryBook/src/test/java
2025-09-16 23:37:22,229 [Worker-7: Creating maven-archetype-quickstart] INFO  o.e.m.j.i.AbstractJavaProjectConfigurator - Adding resource folder /LibraryBook/src/test/resources
2025-09-16 23:37:22,595 [Worker-7: Creating maven-archetype-quickstart] INFO  o.e.m.c.i.p.ProjectConfigurationManager - Imported and configured 1 project(s) in 3 sec
2025-09-16 23:37:24,929 [Worker-6: Building] INFO  o.a.m.s.f.DefaultMavenResourcesFiltering - skip non existing resourceDirectory D:\Infobeans\Java\September\16 Sept\LibraryBook\src\main\resources
2025-09-16 23:37:24,938 [Worker-6: Building] INFO  o.a.m.s.f.DefaultMavenResourcesFiltering - skip non existing resourceDirectory D:\Infobeans\Java\September\16 Sept\LibraryBook\src\test\resources
2025-09-16 23:39:04,914 [Worker-9: Building] INFO  o.a.m.s.f.DefaultMavenResourcesFiltering - Copying 0 resource from src\main\resources to target\classes
2025-09-16 23:39:04,924 [Worker-9: Building] INFO  o.a.m.s.f.DefaultMavenResourcesFiltering - skip non existing resourceDirectory D:\Infobeans\Java\September\16 Sept\LibraryBook\src\test\resources
2025-09-16 23:39:11,518 [Worker-9: Building] INFO  o.a.m.s.f.DefaultMavenResourcesFiltering - skip non existing resourceDirectory D:\Infobeans\Java\September\16 Sept\LibraryBook\src\main\resources
2025-09-16 23:39:11,522 [Worker-9: Building] INFO  o.a.m.s.f.DefaultMavenResourcesFiltering - skip non existing resourceDirectory D:\Infobeans\Java\September\16 Sept\LibraryBook\src\test\resources
2025-09-16 23:39:41,919 [Worker-8: Building] INFO  o.a.m.s.f.DefaultMavenResourcesFiltering - Copying 1 resource from src\main\resources to target\classes
2025-09-16 23:39:41,935 [Worker-8: Building] INFO  o.a.m.s.f.DefaultMavenResourcesFiltering - skip non existing resourceDirectory D:\Infobeans\Java\September\16 Sept\LibraryBook\src\test\resources
2025-09-16 23:41:53,427 [Worker-8: Building] INFO  o.a.m.s.f.DefaultMavenResourcesFiltering - Copying 1 resource from src\main\resources to target\classes
2025-09-16 23:41:53,433 [Worker-8: Building] INFO  o.a.m.s.f.DefaultMavenResourcesFiltering - skip non existing resourceDirectory D:\Infobeans\Java\September\16 Sept\LibraryBook\src\test\resources
2025-09-16 23:42:18,561 [Worker-5: Building] INFO  o.a.m.s.f.DefaultMavenResourcesFiltering - Copying 1 resource from src\main\resources to target\classes
2025-09-16 23:42:18,566 [Worker-5: Building] INFO  o.a.m.s.f.DefaultMavenResourcesFiltering - skip non existing resourceDirectory D:\Infobeans\Java\September\16 Sept\LibraryBook\src\test\resources
2025-09-16 23:42:23,917 [Worker-2: Building] INFO  o.a.m.s.f.DefaultMavenResourcesFiltering - Copying 1 resource from src\main\resources to target\classes
2025-09-16 23:42:23,920 [Worker-2: Building] INFO  o.a.m.s.f.DefaultMavenResourcesFiltering - skip non existing resourceDirectory D:\Infobeans\Java\September\16 Sept\LibraryBook\src\test\resources
2025-09-16 23:42:48,595 [Worker-4: Building] INFO  o.a.m.s.f.DefaultMavenResourcesFiltering - Copying 1 resource from src\main\resources to target\classes
2025-09-16 23:42:48,601 [Worker-4: Building] INFO  o.a.m.s.f.DefaultMavenResourcesFiltering - skip non existing resourceDirectory D:\Infobeans\Java\September\16 Sept\LibraryBook\src\test\resources
2025-09-16 23:45:09,083 [Worker-8: Building] INFO  o.a.m.s.f.DefaultMavenResourcesFiltering - Copying 1 resource from src\main\resources to target\classes
2025-09-16 23:45:09,088 [Worker-8: Building] INFO  o.a.m.s.f.DefaultMavenResourcesFiltering - skip non existing resourceDirectory D:\Infobeans\Java\September\16 Sept\LibraryBook\src\test\resources
2025-09-16 23:50:31,531 [Worker-12: Building] INFO  o.e.m.c.i.l.LifecycleMappingFactory - Using org.eclipse.m2e.jdt.JarLifecycleMapping lifecycle mapping for MavenProject: com.info:LibraryBook:0.0.1-SNAPSHOT @ D:\Infobeans\Java\September\16 Sept\LibraryBook\pom.xml.
2025-09-16 23:50:32,091 [Worker-12: Building] INFO  o.a.m.s.f.DefaultMavenResourcesFiltering - Copying 0 resource from src\main\resources to target\classes
2025-09-16 23:50:32,097 [Worker-12: Building] INFO  o.a.m.s.f.DefaultMavenResourcesFiltering - skip non existing resourceDirectory D:\Infobeans\Java\September\16 Sept\LibraryBook\src\test\resources
2025-09-16 23:50:34,463 [Worker-12: Building] INFO  o.a.m.s.f.DefaultMavenResourcesFiltering - Copying 1 resource from src\main\resources to target\classes
2025-09-16 23:50:34,472 [Worker-12: Building] INFO  o.a.m.s.f.DefaultMavenResourcesFiltering - skip non existing resourceDirectory D:\Infobeans\Java\September\16 Sept\LibraryBook\src\test\resources
2025-09-17 00:00:40,640 [Worker-4: Building] INFO  o.a.m.s.f.DefaultMavenResourcesFiltering - Copying 1 resource from src\main\resources to target\classes
2025-09-17 00:00:40,655 [Worker-4: Building] INFO  o.a.m.s.f.DefaultMavenResourcesFiltering - skip non existing resourceDirectory D:\Infobeans\Java\September\16 Sept\LibraryBook\src\test\resources
2025-09-17 00:07:37,642 [Worker-17: Building] INFO  o.a.m.s.f.DefaultMavenResourcesFiltering - Copying 1 resource from src\main\resources to target\classes
2025-09-17 00:07:37,669 [Worker-17: Building] INFO  o.a.m.s.f.DefaultMavenResourcesFiltering - skip non existing resourceDirectory D:\Infobeans\Java\September\16 Sept\LibraryBook\src\test\resources
2025-09-17 00:18:28,938 [Worker-16: Building] INFO  o.a.m.s.f.DefaultMavenResourcesFiltering - Copying 1 resource from src\main\resources to target\classes
2025-09-17 00:18:28,949 [Worker-16: Building] INFO  o.a.m.s.f.DefaultMavenResourcesFiltering - skip non existing resourceDirectory D:\Infobeans\Java\September\16 Sept\LibraryBook\src\test\resources
2025-09-17 00:26:07,265 [Worker-8: Building] INFO  o.a.m.s.f.DefaultMavenResourcesFiltering - Copying 1 resource from src\main\resources to target\classes
2025-09-17 00:26:07,274 [Worker-8: Building] INFO  o.a.m.s.f.DefaultMavenResourcesFiltering - skip non existing resourceDirectory D:\Infobeans\Java\September\16 Sept\LibraryBook\src\test\resources
2025-09-17 00:26:45,040 [Worker-15: Building] INFO  o.a.m.s.f.DefaultMavenResourcesFiltering - Copying 1 resource from src\main\resources to target\classes
2025-09-17 00:26:45,044 [Worker-15: Building] INFO  o.a.m.s.f.DefaultMavenResourcesFiltering - skip non existing resourceDirectory D:\Infobeans\Java\September\16 Sept\LibraryBook\src\test\resources
2025-09-17 00:32:38,182 [Worker-8: Building] INFO  o.a.m.s.f.DefaultMavenResourcesFiltering - Copying 1 resource from src\main\resources to target\classes
2025-09-17 00:32:38,190 [Worker-8: Building] INFO  o.a.m.s.f.DefaultMavenResourcesFiltering - skip non existing resourceDirectory D:\Infobeans\Java\September\16 Sept\LibraryBook\src\test\resources
2025-09-17 00:32:54,079 [Worker-18: Building] INFO  o.a.m.s.f.DefaultMavenResourcesFiltering - Copying 1 resource from src\main\resources to target\classes
2025-09-17 00:32:54,087 [Worker-18: Building] INFO  o.a.m.s.f.DefaultMavenResourcesFiltering - skip non existing resourceDirectory D:\Infobeans\Java\September\16 Sept\LibraryBook\src\test\resources
2025-09-17 00:34:20,872 [Worker-8: Building] INFO  o.a.m.s.f.DefaultMavenResourcesFiltering - Copying 1 resource from src\main\resources to target\classes
2025-09-17 00:34:20,885 [Worker-8: Building] INFO  o.a.m.s.f.DefaultMavenResourcesFiltering - skip non existing resourceDirectory D:\Infobeans\Java\September\16 Sept\LibraryBook\src\test\resources
2025-09-17 00:35:31,486 [Worker-17: Building] INFO  o.a.m.s.f.DefaultMavenResourcesFiltering - Copying 1 resource from src\main\resources to target\classes
2025-09-17 00:35:31,494 [Worker-17: Building] INFO  o.a.m.s.f.DefaultMavenResourcesFiltering - skip non existing resourceDirectory D:\Infobeans\Java\September\16 Sept\LibraryBook\src\test\resources
2025-09-17 00:52:37,104 [Worker-18: Building] INFO  o.a.m.s.f.DefaultMavenResourcesFiltering - Copying 1 resource from src\main\resources to target\classes
2025-09-17 00:52:37,114 [Worker-18: Building] INFO  o.a.m.s.f.DefaultMavenResourcesFiltering - skip non existing resourceDirectory D:\Infobeans\Java\September\16 Sept\LibraryBook\src\test\resources
2025-09-17 00:53:39,463 [Worker-17: Building] INFO  o.a.m.s.f.DefaultMavenResourcesFiltering - Copying 1 resource from src\main\resources to target\classes
2025-09-17 00:53:39,471 [Worker-17: Building] INFO  o.a.m.s.f.DefaultMavenResourcesFiltering - skip non existing resourceDirectory D:\Infobeans\Java\September\16 Sept\LibraryBook\src\test\resources
2025-09-17 00:58:19,675 [Worker-21: Building] INFO  o.a.m.s.f.DefaultMavenResourcesFiltering - Copying 1 resource from src\main\resources to target\classes
2025-09-17 00:58:19,690 [Worker-21: Building] INFO  o.a.m.s.f.DefaultMavenResourcesFiltering - skip non existing resourceDirectory D:\Infobeans\Java\September\16 Sept\LibraryBook\src\test\resources
2025-09-17 01:04:09,087 [Worker-22: Building] INFO  o.a.m.s.f.DefaultMavenResourcesFiltering - Copying 1 resource from src\main\resources to target\classes
2025-09-17 01:04:09,094 [Worker-22: Building] INFO  o.a.m.s.f.DefaultMavenResourcesFiltering - skip non existing resourceDirectory D:\Infobeans\Java\September\16 Sept\LibraryBook\src\test\resources
2025-09-17 01:25:05,512 [Worker-23: Launching App] INFO  o.a.m.s.f.DefaultMavenResourcesFiltering - Copying 1 resource from src\main\resources to target\classes
2025-09-17 01:25:05,519 [Worker-23: Launching App] INFO  o.a.m.s.f.DefaultMavenResourcesFiltering - skip non existing resourceDirectory D:\Infobeans\Java\September\16 Sept\LibraryBook\src\test\resources
2025-09-17 01:30:23,569 [Worker-25: Launching App] INFO  o.a.m.s.f.DefaultMavenResourcesFiltering - Copying 1 resource from src\main\resources to target\classes
2025-09-17 01:30:23,577 [Worker-25: Launching App] INFO  o.a.m.s.f.DefaultMavenResourcesFiltering - skip non existing resourceDirectory D:\Infobeans\Java\September\16 Sept\LibraryBook\src\test\resources
2025-09-17 01:33:43,966 [Worker-25: Launching App] INFO  o.a.m.s.f.DefaultMavenResourcesFiltering - Copying 1 resource from src\main\resources to target\classes
2025-09-17 01:33:43,973 [Worker-25: Launching App] INFO  o.a.m.s.f.DefaultMavenResourcesFiltering - skip non existing resourceDirectory D:\Infobeans\Java\September\16 Sept\LibraryBook\src\test\resources
2025-09-17 01:38:38,461 [Worker-28: Launching mavenrun-094a60f5-513b-4fea-9da2-924702d0ab6a] INFO  o.e.m.i.launch.MavenLaunchDelegate - Run build in "C:\Users\WINDOW~1\AppData\Local\Temp\m2e-archetypeGenerator9291693373300641022":
2025-09-17 01:38:38,461 [Worker-28: Launching mavenrun-094a60f5-513b-4fea-9da2-924702d0ab6a] INFO  o.e.m.i.launch.MavenLaunchDelegate -  mvn  -DarchetypeGroupId=org.apache.maven.archetypes -DarchetypeArtifactId=maven-archetype-quickstart -DarchetypeVersion=1.1 -DgroupId=com.info -DartifactId=UniversityStudent -Dversion=0.0.1-SNAPSHOT -Dpackage=com.info.UniversityStudent -DoutputDirectory="D:\Infobeans\Java\September\16 Sept" -Dstyle.color=always -U archetype:generate
2025-09-17 01:39:47,084 [Worker-17: Creating maven-archetype-quickstart] INFO  o.e.m.c.i.p.ProjectConfigurationManager - Collecting project info '/pom.xml' D:\Infobeans\Java\September\16 Sept\UniversityStudent\pom.xml
2025-09-17 01:39:47,346 [Worker-17: Creating maven-archetype-quickstart] INFO  o.e.m.c.i.l.LifecycleMappingFactory - Using org.eclipse.m2e.jdt.JarLifecycleMapping lifecycle mapping for MavenProject: com.info:UniversityStudent:0.0.1-SNAPSHOT @ D:\Infobeans\Java\September\16 Sept\UniversityStudent\pom.xml.
2025-09-17 01:39:49,113 [Worker-17: Creating maven-archetype-quickstart] INFO  o.e.m.j.i.AbstractJavaProjectConfigurator - Adding source folder /UniversityStudent/src/main/java
2025-09-17 01:39:49,115 [Worker-17: Creating maven-archetype-quickstart] INFO  o.e.m.j.i.AbstractJavaProjectConfigurator - Adding resource folder /UniversityStudent/src/main/resources
2025-09-17 01:39:49,122 [Worker-17: Creating maven-archetype-quickstart] INFO  o.e.m.j.i.AbstractJavaProjectConfigurator - Adding source folder /UniversityStudent/src/test/java
2025-09-17 01:39:49,125 [Worker-17: Creating maven-archetype-quickstart] INFO  o.e.m.j.i.AbstractJavaProjectConfigurator - Adding resource folder /UniversityStudent/src/test/resources
2025-09-17 01:39:49,256 [Worker-17: Creating maven-archetype-quickstart] INFO  o.e.m.c.i.p.ProjectConfigurationManager - Imported and configured 1 project(s) in 2 sec
2025-09-17 01:39:49,605 [Worker-26: Building] INFO  o.a.m.s.f.DefaultMavenResourcesFiltering - skip non existing resourceDirectory D:\Infobeans\Java\September\16 Sept\UniversityStudent\src\main\resources
2025-09-17 01:39:49,610 [Worker-26: Building] INFO  o.a.m.s.f.DefaultMavenResourcesFiltering - skip non existing resourceDirectory D:\Infobeans\Java\September\16 Sept\UniversityStudent\src\test\resources
2025-09-17 01:40:29,061 [Worker-17: Building] INFO  o.a.m.s.f.DefaultMavenResourcesFiltering - Copying 0 resource from src\main\resources to target\classes
2025-09-17 01:40:29,067 [Worker-17: Building] INFO  o.a.m.s.f.DefaultMavenResourcesFiltering - skip non existing resourceDirectory D:\Infobeans\Java\September\16 Sept\UniversityStudent\src\test\resources
2025-09-17 01:40:34,356 [Worker-26: Building] INFO  o.a.m.s.f.DefaultMavenResourcesFiltering - skip non existing resourceDirectory D:\Infobeans\Java\September\16 Sept\UniversityStudent\src\main\resources
2025-09-17 01:40:34,364 [Worker-26: Building] INFO  o.a.m.s.f.DefaultMavenResourcesFiltering - skip non existing resourceDirectory D:\Infobeans\Java\September\16 Sept\UniversityStudent\src\test\resources
2025-09-17 01:40:52,477 [Worker-31: Building] INFO  o.a.m.s.f.DefaultMavenResourcesFiltering - Copying 1 resource from src\main\resources to target\classes
2025-09-17 01:40:52,484 [Worker-31: Building] INFO  o.a.m.s.f.DefaultMavenResourcesFiltering - skip non existing resourceDirectory D:\Infobeans\Java\September\16 Sept\UniversityStudent\src\test\resources
2025-09-17 01:41:43,936 [Worker-26: Building] INFO  o.a.m.s.f.DefaultMavenResourcesFiltering - Copying 1 resource from src\main\resources to target\classes
2025-09-17 01:41:43,943 [Worker-26: Building] INFO  o.a.m.s.f.DefaultMavenResourcesFiltering - skip non existing resourceDirectory D:\Infobeans\Java\September\16 Sept\UniversityStudent\src\test\resources
2025-09-17 01:42:18,991 [Worker-32: Building] INFO  o.e.m.c.i.l.LifecycleMappingFactory - Using org.eclipse.m2e.jdt.JarLifecycleMapping lifecycle mapping for MavenProject: com.info:UniversityStudent:0.0.1-SNAPSHOT @ D:\Infobeans\Java\September\16 Sept\UniversityStudent\pom.xml.
2025-09-17 01:42:19,777 [Worker-32: Building] INFO  o.a.m.s.f.DefaultMavenResourcesFiltering - Copying 0 resource from src\main\resources to target\classes
2025-09-17 01:42:19,785 [Worker-32: Building] INFO  o.a.m.s.f.DefaultMavenResourcesFiltering - skip non existing resourceDirectory D:\Infobeans\Java\September\16 Sept\UniversityStudent\src\test\resources
2025-09-17 01:42:21,052 [Worker-17: Building] INFO  o.a.m.s.f.DefaultMavenResourcesFiltering - Copying 1 resource from src\main\resources to target\classes
2025-09-17 01:42:21,058 [Worker-17: Building] INFO  o.a.m.s.f.DefaultMavenResourcesFiltering - skip non existing resourceDirectory D:\Infobeans\Java\September\16 Sept\UniversityStudent\src\test\resources
2025-09-17 01:42:39,142 [Worker-30: Building] INFO  o.a.m.s.f.DefaultMavenResourcesFiltering - Copying 1 resource from src\main\resources to target\classes
2025-09-17 01:42:39,155 [Worker-30: Building] INFO  o.a.m.s.f.DefaultMavenResourcesFiltering - skip non existing resourceDirectory D:\Infobeans\Java\September\16 Sept\UniversityStudent\src\test\resources
2025-09-17 01:42:48,493 [Worker-17: Building] INFO  o.a.m.s.f.DefaultMavenResourcesFiltering - Copying 1 resource from src\main\resources to target\classes
2025-09-17 01:42:48,504 [Worker-17: Building] INFO  o.a.m.s.f.DefaultMavenResourcesFiltering - skip non existing resourceDirectory D:\Infobeans\Java\September\16 Sept\UniversityStudent\src\test\resources
2025-09-17 01:45:31,358 [Worker-19: Building] INFO  o.a.m.s.f.DefaultMavenResourcesFiltering - Copying 1 resource from src\main\resources to target\classes
2025-09-17 01:45:31,366 [Worker-19: Building] INFO  o.a.m.s.f.DefaultMavenResourcesFiltering - skip non existing resourceDirectory D:\Infobeans\Java\September\16 Sept\UniversityStudent\src\test\resources
2025-09-17 01:47:03,612 [Worker-26: Building] INFO  o.a.m.s.f.DefaultMavenResourcesFiltering - Copying 1 resource from src\main\resources to target\classes
2025-09-17 01:47:03,618 [Worker-26: Building] INFO  o.a.m.s.f.DefaultMavenResourcesFiltering - skip non existing resourceDirectory D:\Infobeans\Java\September\16 Sept\UniversityStudent\src\test\resources
2025-09-17 01:53:15,525 [Worker-32: Building] INFO  o.a.m.s.f.DefaultMavenResourcesFiltering - Copying 1 resource from src\main\resources to target\classes
2025-09-17 01:53:15,532 [Worker-32: Building] INFO  o.a.m.s.f.DefaultMavenResourcesFiltering - skip non existing resourceDirectory D:\Infobeans\Java\September\16 Sept\UniversityStudent\src\test\resources
2025-09-17 02:15:28,605 [Worker-28: Building] INFO  o.a.m.s.f.DefaultMavenResourcesFiltering - Copying 1 resource from src\main\resources to target\classes
2025-09-17 02:15:28,617 [Worker-28: Building] INFO  o.a.m.s.f.DefaultMavenResourcesFiltering - skip non existing resourceDirectory D:\Infobeans\Java\September\16 Sept\UniversityStudent\src\test\resources
2025-09-17 02:20:17,712 [Worker-33: Launching App (1)] INFO  o.a.m.s.f.DefaultMavenResourcesFiltering - Copying 1 resource from src\main\resources to target\classes
2025-09-17 02:20:17,717 [Worker-33: Launching App (1)] INFO  o.a.m.s.f.DefaultMavenResourcesFiltering - skip non existing resourceDirectory D:\Infobeans\Java\September\16 Sept\UniversityStudent\src\test\resources
2025-09-17 02:21:10,209 [Worker-27: Launching App (1)] INFO  o.a.m.s.f.DefaultMavenResourcesFiltering - Copying 1 resource from src\main\resources to target\classes
2025-09-17 02:21:10,214 [Worker-27: Launching App (1)] INFO  o.a.m.s.f.DefaultMavenResourcesFiltering - skip non existing resourceDirectory D:\Infobeans\Java\September\16 Sept\UniversityStudent\src\test\resources
2025-09-17 02:23:25,660 [Worker-32: Launching App (1)] INFO  o.a.m.s.f.DefaultMavenResourcesFiltering - Copying 1 resource from src\main\resources to target\classes
2025-09-17 02:23:25,666 [Worker-32: Launching App (1)] INFO  o.a.m.s.f.DefaultMavenResourcesFiltering - skip non existing resourceDirectory D:\Infobeans\Java\September\16 Sept\UniversityStudent\src\test\resources
2025-09-17 02:25:24,294 [Worker-26: Launching mavenrun-f138894e-9b24-4f19-8b6a-a752d7e84f17] INFO  o.e.m.i.launch.MavenLaunchDelegate - Run build in "C:\Users\WINDOW~1\AppData\Local\Temp\m2e-archetypeGenerator17299980458294124090":
2025-09-17 02:25:24,294 [Worker-26: Launching mavenrun-f138894e-9b24-4f19-8b6a-a752d7e84f17] INFO  o.e.m.i.launch.MavenLaunchDelegate -  mvn  -DarchetypeGroupId=org.apache.maven.archetypes -DarchetypeArtifactId=maven-archetype-quickstart -DarchetypeVersion=1.1 -DgroupId=com.info -DartifactId=StudentCourse -Dversion=0.0.1-SNAPSHOT -Dpackage=com.info.StudentCourse -DoutputDirectory="D:\Infobeans\Java\September\16 Sept" -Dstyle.color=always -U archetype:generate
2025-09-17 02:25:53,664 [Worker-29: Creating maven-archetype-quickstart] INFO  o.e.m.c.i.p.ProjectConfigurationManager - Collecting project info '/pom.xml' D:\Infobeans\Java\September\16 Sept\StudentCourse\pom.xml
2025-09-17 02:25:53,928 [Worker-29: Creating maven-archetype-quickstart] INFO  o.e.m.c.i.l.LifecycleMappingFactory - Using org.eclipse.m2e.jdt.JarLifecycleMapping lifecycle mapping for MavenProject: com.info:StudentCourse:0.0.1-SNAPSHOT @ D:\Infobeans\Java\September\16 Sept\StudentCourse\pom.xml.
2025-09-17 02:25:56,745 [Worker-29: Creating maven-archetype-quickstart] INFO  o.e.m.j.i.AbstractJavaProjectConfigurator - Adding source folder /StudentCourse/src/main/java
2025-09-17 02:25:56,747 [Worker-29: Creating maven-archetype-quickstart] INFO  o.e.m.j.i.AbstractJavaProjectConfigurator - Adding resource folder /StudentCourse/src/main/resources
2025-09-17 02:25:56,755 [Worker-29: Creating maven-archetype-quickstart] INFO  o.e.m.j.i.AbstractJavaProjectConfigurator - Adding source folder /StudentCourse/src/test/java
2025-09-17 02:25:56,756 [Worker-29: Creating maven-archetype-quickstart] INFO  o.e.m.j.i.AbstractJavaProjectConfigurator - Adding resource folder /StudentCourse/src/test/resources
2025-09-17 02:25:56,866 [Worker-29: Creating maven-archetype-quickstart] INFO  o.e.m.c.i.p.ProjectConfigurationManager - Imported and configured 1 project(s) in 3 sec
2025-09-17 02:25:57,109 [Worker-29: Building] INFO  o.a.m.s.f.DefaultMavenResourcesFiltering - skip non existing resourceDirectory D:\Infobeans\Java\September\16 Sept\StudentCourse\src\main\resources
2025-09-17 02:25:57,115 [Worker-29: Building] INFO  o.a.m.s.f.DefaultMavenResourcesFiltering - skip non existing resourceDirectory D:\Infobeans\Java\September\16 Sept\StudentCourse\src\test\resources
2025-09-17 02:27:10,123 [Worker-31: Building] INFO  o.a.m.s.f.DefaultMavenResourcesFiltering - Copying 0 resource from src\main\resources to target\classes
2025-09-17 02:27:10,128 [Worker-31: Building] INFO  o.a.m.s.f.DefaultMavenResourcesFiltering - skip non existing resourceDirectory D:\Infobeans\Java\September\16 Sept\StudentCourse\src\test\resources
2025-09-17 02:27:15,827 [Worker-32: Building] INFO  o.a.m.s.f.DefaultMavenResourcesFiltering - skip non existing resourceDirectory D:\Infobeans\Java\September\16 Sept\StudentCourse\src\main\resources
2025-09-17 02:27:15,835 [Worker-32: Building] INFO  o.a.m.s.f.DefaultMavenResourcesFiltering - skip non existing resourceDirectory D:\Infobeans\Java\September\16 Sept\StudentCourse\src\test\resources
2025-09-17 02:27:40,979 [Worker-30: Building] INFO  o.a.m.s.f.DefaultMavenResourcesFiltering - Copying 1 resource from src\main\resources to target\classes
2025-09-17 02:27:40,987 [Worker-30: Building] INFO  o.a.m.s.f.DefaultMavenResourcesFiltering - skip non existing resourceDirectory D:\Infobeans\Java\September\16 Sept\StudentCourse\src\test\resources
2025-09-17 02:28:22,679 [Worker-19: Building] INFO  o.a.m.s.f.DefaultMavenResourcesFiltering - Copying 1 resource from src\main\resources to target\classes
2025-09-17 02:28:22,686 [Worker-19: Building] INFO  o.a.m.s.f.DefaultMavenResourcesFiltering - skip non existing resourceDirectory D:\Infobeans\Java\September\16 Sept\StudentCourse\src\test\resources
2025-09-17 02:29:05,064 [Worker-29: Building] INFO  o.e.m.c.i.l.LifecycleMappingFactory - Using org.eclipse.m2e.jdt.JarLifecycleMapping lifecycle mapping for MavenProject: com.info:StudentCourse:0.0.1-SNAPSHOT @ D:\Infobeans\Java\September\16 Sept\StudentCourse\pom.xml.
2025-09-17 02:29:05,974 [Worker-29: Building] INFO  o.a.m.s.f.DefaultMavenResourcesFiltering - Copying 0 resource from src\main\resources to target\classes
2025-09-17 02:29:05,984 [Worker-29: Building] INFO  o.a.m.s.f.DefaultMavenResourcesFiltering - skip non existing resourceDirectory D:\Infobeans\Java\September\16 Sept\StudentCourse\src\test\resources
2025-09-17 02:29:07,283 [Worker-19: Building] INFO  o.a.m.s.f.DefaultMavenResourcesFiltering - Copying 1 resource from src\main\resources to target\classes
2025-09-17 02:29:07,289 [Worker-19: Building] INFO  o.a.m.s.f.DefaultMavenResourcesFiltering - skip non existing resourceDirectory D:\Infobeans\Java\September\16 Sept\StudentCourse\src\test\resources
2025-09-17 02:29:21,946 [Worker-29: Building] INFO  o.a.m.s.f.DefaultMavenResourcesFiltering - Copying 1 resource from src\main\resources to target\classes
2025-09-17 02:29:21,959 [Worker-29: Building] INFO  o.a.m.s.f.DefaultMavenResourcesFiltering - skip non existing resourceDirectory D:\Infobeans\Java\September\16 Sept\StudentCourse\src\test\resources
2025-09-17 02:29:29,987 [Worker-25: Building] INFO  o.a.m.s.f.DefaultMavenResourcesFiltering - Copying 1 resource from src\main\resources to target\classes
2025-09-17 02:29:30,000 [Worker-25: Building] INFO  o.a.m.s.f.DefaultMavenResourcesFiltering - skip non existing resourceDirectory D:\Infobeans\Java\September\16 Sept\StudentCourse\src\test\resources
2025-09-17 02:33:25,891 [Worker-31: Building] INFO  o.a.m.s.f.DefaultMavenResourcesFiltering - Copying 1 resource from src\main\resources to target\classes
2025-09-17 02:33:25,896 [Worker-31: Building] INFO  o.a.m.s.f.DefaultMavenResourcesFiltering - skip non existing resourceDirectory D:\Infobeans\Java\September\16 Sept\StudentCourse\src\test\resources
2025-09-17 02:35:21,431 [Worker-29: Building] INFO  o.a.m.s.f.DefaultMavenResourcesFiltering - Copying 1 resource from src\main\resources to target\classes
2025-09-17 02:35:21,437 [Worker-29: Building] INFO  o.a.m.s.f.DefaultMavenResourcesFiltering - skip non existing resourceDirectory D:\Infobeans\Java\September\16 Sept\StudentCourse\src\test\resources
2025-09-17 02:39:29,782 [Worker-17: Building] INFO  o.a.m.s.f.DefaultMavenResourcesFiltering - Copying 1 resource from src\main\resources to target\classes
2025-09-17 02:39:29,788 [Worker-17: Building] INFO  o.a.m.s.f.DefaultMavenResourcesFiltering - skip non existing resourceDirectory D:\Infobeans\Java\September\16 Sept\StudentCourse\src\test\resources
2025-09-17 02:45:26,693 [Worker-34: Building] INFO  o.a.m.s.f.DefaultMavenResourcesFiltering - Copying 1 resource from src\main\resources to target\classes
2025-09-17 02:45:26,697 [Worker-34: Building] INFO  o.a.m.s.f.DefaultMavenResourcesFiltering - skip non existing resourceDirectory D:\Infobeans\Java\September\16 Sept\StudentCourse\src\test\resources
2025-09-19 00:24:31,887 [Worker-0: Loading available Gradle versions] INFO  o.e.b.c.i.u.g.PublishedGradleVersions - Gradle version information cache is out-of-date. Trying to update.
