2025-09-19 14:10:23,022 [Worker-3: Loading available Gradle versions] INFO  o.e.b.c.i.u.g.PublishedGradleVersions - Gradle version information cache is not available. Remote download required.
2025-09-19 14:15:51,948 [Worker-6: Launching mavenrun-efe31d31-1364-451d-adf0-9666daeebb43] INFO  o.e.m.i.launch.MavenLaunchDelegate - Run build in "C:\Users\WINDOW~1\AppData\Local\Temp\m2e-archetypeGenerator6554756602688770697":
2025-09-19 14:15:51,964 [Worker-6: Launching mavenrun-efe31d31-1364-451d-adf0-9666daeebb43] INFO  o.e.m.i.launch.MavenLaunchDelegate -  mvn  -DarchetypeGroupId=org.apache.maven.archetypes -DarchetypeArtifactId=maven-archetype-quickstart -DarchetypeVersion=1.1 -DgroupId=com.info -DartifactId=StudentManagementSystem -Dversion=0.0.1-SNAPSHOT -Dpackage=com.info.StudentManagementSystem -DoutputDirectory="D:\Infobeans\Java\September\19 Sept" -Dstyle.color=always -U archetype:generate
2025-09-19 14:16:14,805 [Worker-7: Creating maven-archetype-quickstart] INFO  o.e.m.c.i.p.ProjectConfigurationManager - Collecting project info '/pom.xml' D:\Infobeans\Java\September\19 Sept\StudentManagementSystem\pom.xml
2025-09-19 14:16:16,531 [Worker-7: Creating maven-archetype-quickstart] INFO  o.e.m.c.i.l.LifecycleMappingFactory - Using org.eclipse.m2e.jdt.JarLifecycleMapping lifecycle mapping for MavenProject: com.info:StudentManagementSystem:0.0.1-SNAPSHOT @ D:\Infobeans\Java\September\19 Sept\StudentManagementSystem\pom.xml.
2025-09-19 14:16:18,207 [Worker-7: Creating maven-archetype-quickstart] INFO  o.e.m.j.i.AbstractJavaProjectConfigurator - Adding source folder /StudentManagementSystem/src/main/java
2025-09-19 14:16:18,211 [Worker-7: Creating maven-archetype-quickstart] INFO  o.e.m.j.i.AbstractJavaProjectConfigurator - Adding resource folder /StudentManagementSystem/src/main/resources
2025-09-19 14:16:18,218 [Worker-7: Creating maven-archetype-quickstart] INFO  o.e.m.j.i.AbstractJavaProjectConfigurator - Adding source folder /StudentManagementSystem/src/test/java
2025-09-19 14:16:18,221 [Worker-7: Creating maven-archetype-quickstart] INFO  o.e.m.j.i.AbstractJavaProjectConfigurator - Adding resource folder /StudentManagementSystem/src/test/resources
2025-09-19 14:16:18,623 [Worker-7: Creating maven-archetype-quickstart] INFO  o.e.m.c.i.p.ProjectConfigurationManager - Imported and configured 1 project(s) in 3 sec
2025-09-19 14:16:20,846 [Worker-12: Building] INFO  o.a.m.s.f.DefaultMavenResourcesFiltering - skip non existing resourceDirectory D:\Infobeans\Java\September\19 Sept\StudentManagementSystem\src\main\resources
2025-09-19 14:16:20,860 [Worker-12: Building] INFO  o.a.m.s.f.DefaultMavenResourcesFiltering - skip non existing resourceDirectory D:\Infobeans\Java\September\19 Sept\StudentManagementSystem\src\test\resources
2025-09-19 14:17:49,731 [Worker-13: Building] INFO  o.a.m.s.f.DefaultMavenResourcesFiltering - Copying 0 resource from src\main\resources to target\classes
2025-09-19 14:17:49,741 [Worker-13: Building] INFO  o.a.m.s.f.DefaultMavenResourcesFiltering - skip non existing resourceDirectory D:\Infobeans\Java\September\19 Sept\StudentManagementSystem\src\test\resources
2025-09-19 14:17:56,962 [Worker-6: Building] INFO  o.a.m.s.f.DefaultMavenResourcesFiltering - skip non existing resourceDirectory D:\Infobeans\Java\September\19 Sept\StudentManagementSystem\src\main\resources
2025-09-19 14:17:56,974 [Worker-6: Building] INFO  o.a.m.s.f.DefaultMavenResourcesFiltering - skip non existing resourceDirectory D:\Infobeans\Java\September\19 Sept\StudentManagementSystem\src\test\resources
2025-09-19 14:18:37,603 [Worker-1: Building] INFO  o.a.m.s.f.DefaultMavenResourcesFiltering - Copying 1 resource from src\main\resources to target\classes
2025-09-19 14:18:37,624 [Worker-1: Building] INFO  o.a.m.s.f.DefaultMavenResourcesFiltering - skip non existing resourceDirectory D:\Infobeans\Java\September\19 Sept\StudentManagementSystem\src\test\resources
2025-09-19 14:20:21,191 [Worker-1: Building] INFO  o.a.m.s.f.DefaultMavenResourcesFiltering - Copying 1 resource from src\main\resources to target\classes
2025-09-19 14:20:21,203 [Worker-1: Building] INFO  o.a.m.s.f.DefaultMavenResourcesFiltering - skip non existing resourceDirectory D:\Infobeans\Java\September\19 Sept\StudentManagementSystem\src\test\resources
2025-09-19 14:21:07,517 [Worker-6: Building] INFO  o.e.m.c.i.l.LifecycleMappingFactory - Using org.eclipse.m2e.jdt.JarLifecycleMapping lifecycle mapping for MavenProject: com.info:StudentManagementSystem:0.0.1-SNAPSHOT @ D:\Infobeans\Java\September\19 Sept\StudentManagementSystem\pom.xml.
2025-09-19 14:21:09,316 [Worker-6: Building] INFO  o.a.m.s.f.DefaultMavenResourcesFiltering - Copying 0 resource from src\main\resources to target\classes
2025-09-19 14:21:09,361 [Worker-6: Building] INFO  o.a.m.s.f.DefaultMavenResourcesFiltering - skip non existing resourceDirectory D:\Infobeans\Java\September\19 Sept\StudentManagementSystem\src\test\resources
2025-09-19 14:21:11,822 [Worker-6: Building] INFO  o.a.m.s.f.DefaultMavenResourcesFiltering - Copying 1 resource from src\main\resources to target\classes
2025-09-19 14:21:11,838 [Worker-6: Building] INFO  o.a.m.s.f.DefaultMavenResourcesFiltering - skip non existing resourceDirectory D:\Infobeans\Java\September\19 Sept\StudentManagementSystem\src\test\resources
2025-09-19 14:21:12,998 [Worker-14: Building] INFO  o.a.m.s.f.DefaultMavenResourcesFiltering - Copying 1 resource from src\main\resources to target\classes
2025-09-19 14:21:13,011 [Worker-14: Building] INFO  o.a.m.s.f.DefaultMavenResourcesFiltering - skip non existing resourceDirectory D:\Infobeans\Java\September\19 Sept\StudentManagementSystem\src\test\resources
2025-09-19 14:21:45,484 [Worker-13: Building] INFO  o.a.m.s.f.DefaultMavenResourcesFiltering - Copying 1 resource from src\main\resources to target\classes
2025-09-19 14:21:45,491 [Worker-13: Building] INFO  o.a.m.s.f.DefaultMavenResourcesFiltering - skip non existing resourceDirectory D:\Infobeans\Java\September\19 Sept\StudentManagementSystem\src\test\resources
2025-09-19 14:26:58,607 [Worker-12: Building] INFO  o.a.m.s.f.DefaultMavenResourcesFiltering - Copying 1 resource from src\main\resources to target\classes
2025-09-19 14:26:58,617 [Worker-12: Building] INFO  o.a.m.s.f.DefaultMavenResourcesFiltering - skip non existing resourceDirectory D:\Infobeans\Java\September\19 Sept\StudentManagementSystem\src\test\resources
2025-09-19 14:29:07,268 [Worker-15: Building] INFO  o.a.m.s.f.DefaultMavenResourcesFiltering - Copying 1 resource from src\main\resources to target\classes
2025-09-19 14:29:07,280 [Worker-15: Building] INFO  o.a.m.s.f.DefaultMavenResourcesFiltering - skip non existing resourceDirectory D:\Infobeans\Java\September\19 Sept\StudentManagementSystem\src\test\resources
2025-09-19 14:52:15,300 [Worker-16: Building] INFO  o.a.m.s.f.DefaultMavenResourcesFiltering - Copying 1 resource from src\main\resources to target\classes
2025-09-19 14:52:15,319 [Worker-16: Building] INFO  o.a.m.s.f.DefaultMavenResourcesFiltering - skip non existing resourceDirectory D:\Infobeans\Java\September\19 Sept\StudentManagementSystem\src\test\resources
2025-09-19 15:00:53,547 [Worker-12: Building] INFO  o.a.m.s.f.DefaultMavenResourcesFiltering - Copying 1 resource from src\main\resources to target\classes
2025-09-19 15:00:53,552 [Worker-12: Building] INFO  o.a.m.s.f.DefaultMavenResourcesFiltering - skip non existing resourceDirectory D:\Infobeans\Java\September\19 Sept\StudentManagementSystem\src\test\resources
2025-09-19 15:02:26,525 [Worker-6: Building] INFO  o.a.m.s.f.DefaultMavenResourcesFiltering - Copying 1 resource from src\main\resources to target\classes
2025-09-19 15:02:26,537 [Worker-6: Building] INFO  o.a.m.s.f.DefaultMavenResourcesFiltering - skip non existing resourceDirectory D:\Infobeans\Java\September\19 Sept\StudentManagementSystem\src\test\resources
2025-09-19 15:08:36,975 [Worker-7: Building] INFO  o.a.m.s.f.DefaultMavenResourcesFiltering - Copying 1 resource from src\main\resources to target\classes
2025-09-19 15:08:36,982 [Worker-7: Building] INFO  o.a.m.s.f.DefaultMavenResourcesFiltering - skip non existing resourceDirectory D:\Infobeans\Java\September\19 Sept\StudentManagementSystem\src\test\resources
2025-09-19 15:09:01,517 [Worker-11: Building] INFO  o.a.m.s.f.DefaultMavenResourcesFiltering - Copying 1 resource from src\main\resources to target\classes
2025-09-19 15:09:01,527 [Worker-11: Building] INFO  o.a.m.s.f.DefaultMavenResourcesFiltering - skip non existing resourceDirectory D:\Infobeans\Java\September\19 Sept\StudentManagementSystem\src\test\resources
2025-09-19 15:09:32,190 [Worker-18: Building] INFO  o.a.m.s.f.DefaultMavenResourcesFiltering - Copying 1 resource from src\main\resources to target\classes
2025-09-19 15:09:32,201 [Worker-18: Building] INFO  o.a.m.s.f.DefaultMavenResourcesFiltering - skip non existing resourceDirectory D:\Infobeans\Java\September\19 Sept\StudentManagementSystem\src\test\resources
2025-09-19 15:09:41,716 [Worker-17: Building] INFO  o.a.m.s.f.DefaultMavenResourcesFiltering - Copying 1 resource from src\main\resources to target\classes
2025-09-19 15:09:41,722 [Worker-17: Building] INFO  o.a.m.s.f.DefaultMavenResourcesFiltering - skip non existing resourceDirectory D:\Infobeans\Java\September\19 Sept\StudentManagementSystem\src\test\resources
2025-09-19 15:14:29,552 [Worker-17: Building] INFO  o.a.m.s.f.DefaultMavenResourcesFiltering - Copying 1 resource from src\main\resources to target\classes
2025-09-19 15:14:29,558 [Worker-17: Building] INFO  o.a.m.s.f.DefaultMavenResourcesFiltering - skip non existing resourceDirectory D:\Infobeans\Java\September\19 Sept\StudentManagementSystem\src\test\resources
2025-09-19 15:15:59,075 [Worker-19: Launching App] INFO  o.a.m.s.f.DefaultMavenResourcesFiltering - Copying 1 resource from src\main\resources to target\classes
2025-09-19 15:15:59,082 [Worker-19: Launching App] INFO  o.a.m.s.f.DefaultMavenResourcesFiltering - skip non existing resourceDirectory D:\Infobeans\Java\September\19 Sept\StudentManagementSystem\src\test\resources
2025-09-19 15:16:41,864 [Worker-19: Launching App] INFO  o.a.m.s.f.DefaultMavenResourcesFiltering - Copying 1 resource from src\main\resources to target\classes
2025-09-19 15:16:41,869 [Worker-19: Launching App] INFO  o.a.m.s.f.DefaultMavenResourcesFiltering - skip non existing resourceDirectory D:\Infobeans\Java\September\19 Sept\StudentManagementSystem\src\test\resources
2025-09-19 15:16:58,597 [Worker-11: Building] INFO  o.a.m.s.f.DefaultMavenResourcesFiltering - Copying 1 resource from src\main\resources to target\classes
2025-09-19 15:16:58,604 [Worker-11: Building] INFO  o.a.m.s.f.DefaultMavenResourcesFiltering - skip non existing resourceDirectory D:\Infobeans\Java\September\19 Sept\StudentManagementSystem\src\test\resources
2025-09-19 15:20:52,675 [Worker-21: Building] INFO  o.a.m.s.f.DefaultMavenResourcesFiltering - Copying 1 resource from src\main\resources to target\classes
2025-09-19 15:20:52,681 [Worker-21: Building] INFO  o.a.m.s.f.DefaultMavenResourcesFiltering - skip non existing resourceDirectory D:\Infobeans\Java\September\19 Sept\StudentManagementSystem\src\test\resources
2025-09-19 15:22:21,064 [Worker-22: Launching App] INFO  o.a.m.s.f.DefaultMavenResourcesFiltering - Copying 1 resource from src\main\resources to target\classes
2025-09-19 15:22:21,070 [Worker-22: Launching App] INFO  o.a.m.s.f.DefaultMavenResourcesFiltering - skip non existing resourceDirectory D:\Infobeans\Java\September\19 Sept\StudentManagementSystem\src\test\resources
2025-09-19 15:33:10,799 [Worker-17: Launching App] INFO  o.a.m.s.f.DefaultMavenResourcesFiltering - Copying 1 resource from src\main\resources to target\classes
2025-09-19 15:33:10,808 [Worker-17: Launching App] INFO  o.a.m.s.f.DefaultMavenResourcesFiltering - skip non existing resourceDirectory D:\Infobeans\Java\September\19 Sept\StudentManagementSystem\src\test\resources
2025-09-19 15:34:27,703 [Worker-17: Launching App] INFO  o.a.m.s.f.DefaultMavenResourcesFiltering - Copying 1 resource from src\main\resources to target\classes
2025-09-19 15:34:27,712 [Worker-17: Launching App] INFO  o.a.m.s.f.DefaultMavenResourcesFiltering - skip non existing resourceDirectory D:\Infobeans\Java\September\19 Sept\StudentManagementSystem\src\test\resources
2025-09-19 15:36:11,839 [Worker-23: Launching App] INFO  o.a.m.s.f.DefaultMavenResourcesFiltering - Copying 1 resource from src\main\resources to target\classes
2025-09-19 15:36:11,846 [Worker-23: Launching App] INFO  o.a.m.s.f.DefaultMavenResourcesFiltering - skip non existing resourceDirectory D:\Infobeans\Java\September\19 Sept\StudentManagementSystem\src\test\resources
2025-09-19 15:54:01,689 [Worker-24: Launching App] INFO  o.a.m.s.f.DefaultMavenResourcesFiltering - Copying 1 resource from src\main\resources to target\classes
2025-09-19 15:54:01,695 [Worker-24: Launching App] INFO  o.a.m.s.f.DefaultMavenResourcesFiltering - skip non existing resourceDirectory D:\Infobeans\Java\September\19 Sept\StudentManagementSystem\src\test\resources
2025-09-19 15:58:42,556 [Worker-27: Launching App] INFO  o.a.m.s.f.DefaultMavenResourcesFiltering - Copying 1 resource from src\main\resources to target\classes
2025-09-19 15:58:42,568 [Worker-27: Launching App] INFO  o.a.m.s.f.DefaultMavenResourcesFiltering - skip non existing resourceDirectory D:\Infobeans\Java\September\19 Sept\StudentManagementSystem\src\test\resources
2025-09-19 16:00:02,678 [Worker-27: Launching App] INFO  o.a.m.s.f.DefaultMavenResourcesFiltering - Copying 1 resource from src\main\resources to target\classes
2025-09-19 16:00:02,687 [Worker-27: Launching App] INFO  o.a.m.s.f.DefaultMavenResourcesFiltering - skip non existing resourceDirectory D:\Infobeans\Java\September\19 Sept\StudentManagementSystem\src\test\resources
2025-09-19 16:02:00,683 [Worker-23: Launching App] INFO  o.a.m.s.f.DefaultMavenResourcesFiltering - Copying 1 resource from src\main\resources to target\classes
2025-09-19 16:02:00,688 [Worker-23: Launching App] INFO  o.a.m.s.f.DefaultMavenResourcesFiltering - skip non existing resourceDirectory D:\Infobeans\Java\September\19 Sept\StudentManagementSystem\src\test\resources
2025-09-19 16:24:17,339 [Worker-32: Building] INFO  o.a.m.s.f.DefaultMavenResourcesFiltering - Copying 1 resource from src\main\resources to target\classes
2025-09-19 16:24:17,341 [Worker-32: Building] INFO  o.a.m.s.f.DefaultMavenResourcesFiltering - skip non existing resourceDirectory D:\Infobeans\Java\September\19 Sept\StudentManagementSystem\src\test\resources
2025-09-19 16:28:08,330 [Worker-32: Launching App] INFO  o.a.m.s.f.DefaultMavenResourcesFiltering - Copying 1 resource from src\main\resources to target\classes
2025-09-19 16:28:08,333 [Worker-32: Launching App] INFO  o.a.m.s.f.DefaultMavenResourcesFiltering - skip non existing resourceDirectory D:\Infobeans\Java\September\19 Sept\StudentManagementSystem\src\test\resources
2025-09-19 16:30:38,447 [Worker-34: Building] INFO  o.a.m.s.f.DefaultMavenResourcesFiltering - Copying 1 resource from src\main\resources to target\classes
2025-09-19 16:30:38,450 [Worker-34: Building] INFO  o.a.m.s.f.DefaultMavenResourcesFiltering - skip non existing resourceDirectory D:\Infobeans\Java\September\19 Sept\StudentManagementSystem\src\test\resources
2025-09-19 16:32:48,047 [Worker-33: Launching App] INFO  o.a.m.s.f.DefaultMavenResourcesFiltering - Copying 1 resource from src\main\resources to target\classes
2025-09-19 16:32:48,051 [Worker-33: Launching App] INFO  o.a.m.s.f.DefaultMavenResourcesFiltering - skip non existing resourceDirectory D:\Infobeans\Java\September\19 Sept\StudentManagementSystem\src\test\resources
2025-09-19 16:35:51,824 [Worker-29: Launching App] INFO  o.a.m.s.f.DefaultMavenResourcesFiltering - Copying 1 resource from src\main\resources to target\classes
2025-09-19 16:35:51,827 [Worker-29: Launching App] INFO  o.a.m.s.f.DefaultMavenResourcesFiltering - skip non existing resourceDirectory D:\Infobeans\Java\September\19 Sept\StudentManagementSystem\src\test\resources
2025-09-19 16:36:19,270 [Worker-32: Launching App] INFO  o.a.m.s.f.DefaultMavenResourcesFiltering - Copying 1 resource from src\main\resources to target\classes
2025-09-19 16:36:19,274 [Worker-32: Launching App] INFO  o.a.m.s.f.DefaultMavenResourcesFiltering - skip non existing resourceDirectory D:\Infobeans\Java\September\19 Sept\StudentManagementSystem\src\test\resources
2025-09-19 16:38:20,011 [Worker-30: Building] INFO  o.a.m.s.f.DefaultMavenResourcesFiltering - Copying 1 resource from src\main\resources to target\classes
2025-09-19 16:38:20,014 [Worker-30: Building] INFO  o.a.m.s.f.DefaultMavenResourcesFiltering - skip non existing resourceDirectory D:\Infobeans\Java\September\19 Sept\StudentManagementSystem\src\test\resources
2025-09-20 00:12:51,243 [Worker-43: Launching App] INFO  o.a.m.s.f.DefaultMavenResourcesFiltering - Copying 1 resource from src\main\resources to target\classes
2025-09-20 00:12:51,259 [Worker-43: Launching App] INFO  o.a.m.s.f.DefaultMavenResourcesFiltering - skip non existing resourceDirectory D:\Infobeans\Java\September\19 Sept\StudentManagementSystem\src\test\resources
2025-09-20 00:19:12,465 [Worker-32: Building] INFO  o.a.m.s.f.DefaultMavenResourcesFiltering - Copying 1 resource from src\main\resources to target\classes
2025-09-20 00:19:12,469 [Worker-32: Building] INFO  o.a.m.s.f.DefaultMavenResourcesFiltering - skip non existing resourceDirectory D:\Infobeans\Java\September\19 Sept\StudentManagementSystem\src\test\resources
2025-09-20 00:24:47,142 [Worker-32: Launching App] INFO  o.a.m.s.f.DefaultMavenResourcesFiltering - Copying 1 resource from src\main\resources to target\classes
2025-09-20 00:24:47,145 [Worker-32: Launching App] INFO  o.a.m.s.f.DefaultMavenResourcesFiltering - skip non existing resourceDirectory D:\Infobeans\Java\September\19 Sept\StudentManagementSystem\src\test\resources
2025-09-20 00:27:24,147 [Worker-42: Launching App] INFO  o.a.m.s.f.DefaultMavenResourcesFiltering - Copying 1 resource from src\main\resources to target\classes
2025-09-20 00:27:24,150 [Worker-42: Launching App] INFO  o.a.m.s.f.DefaultMavenResourcesFiltering - skip non existing resourceDirectory D:\Infobeans\Java\September\19 Sept\StudentManagementSystem\src\test\resources
2025-09-20 00:30:24,128 [Worker-33: Launching App] INFO  o.a.m.s.f.DefaultMavenResourcesFiltering - Copying 1 resource from src\main\resources to target\classes
2025-09-20 00:30:24,131 [Worker-33: Launching App] INFO  o.a.m.s.f.DefaultMavenResourcesFiltering - skip non existing resourceDirectory D:\Infobeans\Java\September\19 Sept\StudentManagementSystem\src\test\resources
2025-09-20 00:33:23,236 [Worker-32: Launching App] INFO  o.a.m.s.f.DefaultMavenResourcesFiltering - Copying 1 resource from src\main\resources to target\classes
2025-09-20 00:33:23,240 [Worker-32: Launching App] INFO  o.a.m.s.f.DefaultMavenResourcesFiltering - skip non existing resourceDirectory D:\Infobeans\Java\September\19 Sept\StudentManagementSystem\src\test\resources
2025-09-20 00:34:46,187 [Worker-32: Launching App] INFO  o.a.m.s.f.DefaultMavenResourcesFiltering - Copying 1 resource from src\main\resources to target\classes
2025-09-20 00:34:46,190 [Worker-32: Launching App] INFO  o.a.m.s.f.DefaultMavenResourcesFiltering - skip non existing resourceDirectory D:\Infobeans\Java\September\19 Sept\StudentManagementSystem\src\test\resources
2025-09-20 00:35:29,339 [Worker-37: Launching App] INFO  o.a.m.s.f.DefaultMavenResourcesFiltering - Copying 1 resource from src\main\resources to target\classes
2025-09-20 00:35:29,344 [Worker-37: Launching App] INFO  o.a.m.s.f.DefaultMavenResourcesFiltering - skip non existing resourceDirectory D:\Infobeans\Java\September\19 Sept\StudentManagementSystem\src\test\resources
2025-09-20 00:38:18,333 [Worker-42: Launching App] INFO  o.a.m.s.f.DefaultMavenResourcesFiltering - Copying 1 resource from src\main\resources to target\classes
2025-09-20 00:38:18,336 [Worker-42: Launching App] INFO  o.a.m.s.f.DefaultMavenResourcesFiltering - skip non existing resourceDirectory D:\Infobeans\Java\September\19 Sept\StudentManagementSystem\src\test\resources
2025-09-20 00:39:45,822 [Worker-46: Launching mavenrun-464890aa-9025-42aa-80fe-a6bd55f124a3] INFO  o.e.m.i.launch.MavenLaunchDelegate - Run build in "C:\Users\WINDOW~1\AppData\Local\Temp\m2e-archetypeGenerator7863291967432988061":
2025-09-20 00:39:45,823 [Worker-46: Launching mavenrun-464890aa-9025-42aa-80fe-a6bd55f124a3] INFO  o.e.m.i.launch.MavenLaunchDelegate -  mvn  -DarchetypeGroupId=org.apache.maven.archetypes -DarchetypeArtifactId=maven-archetype-quickstart -DarchetypeVersion=1.1 -DgroupId=com.info -DartifactId=EmployeeManagementSystem -Dversion=0.0.1-SNAPSHOT -Dpackage=com.info.EmployeeManagementSystem -DoutputDirectory="D:\Infobeans\Java\September\19 Sept" -Dstyle.color=always -U archetype:generate
2025-09-20 00:40:43,011 [Worker-45: Creating maven-archetype-quickstart] INFO  o.e.m.c.i.p.ProjectConfigurationManager - Collecting project info '/pom.xml' D:\Infobeans\Java\September\19 Sept\EmployeeManagementSystem\pom.xml
2025-09-20 00:40:43,254 [Worker-45: Creating maven-archetype-quickstart] INFO  o.e.m.c.i.l.LifecycleMappingFactory - Using org.eclipse.m2e.jdt.JarLifecycleMapping lifecycle mapping for MavenProject: com.info:EmployeeManagementSystem:0.0.1-SNAPSHOT @ D:\Infobeans\Java\September\19 Sept\EmployeeManagementSystem\pom.xml.
2025-09-20 00:40:44,475 [Worker-45: Creating maven-archetype-quickstart] INFO  o.e.m.j.i.AbstractJavaProjectConfigurator - Adding source folder /EmployeeManagementSystem/src/main/java
2025-09-20 00:40:44,478 [Worker-45: Creating maven-archetype-quickstart] INFO  o.e.m.j.i.AbstractJavaProjectConfigurator - Adding resource folder /EmployeeManagementSystem/src/main/resources
2025-09-20 00:40:44,481 [Worker-45: Creating maven-archetype-quickstart] INFO  o.e.m.j.i.AbstractJavaProjectConfigurator - Adding source folder /EmployeeManagementSystem/src/test/java
2025-09-20 00:40:44,483 [Worker-45: Creating maven-archetype-quickstart] INFO  o.e.m.j.i.AbstractJavaProjectConfigurator - Adding resource folder /EmployeeManagementSystem/src/test/resources
2025-09-20 00:40:44,617 [Worker-45: Creating maven-archetype-quickstart] INFO  o.e.m.c.i.p.ProjectConfigurationManager - Imported and configured 1 project(s) in 1 sec
2025-09-20 00:40:44,877 [Worker-32: Building] INFO  o.a.m.s.f.DefaultMavenResourcesFiltering - skip non existing resourceDirectory D:\Infobeans\Java\September\19 Sept\EmployeeManagementSystem\src\main\resources
2025-09-20 00:40:44,881 [Worker-32: Building] INFO  o.a.m.s.f.DefaultMavenResourcesFiltering - skip non existing resourceDirectory D:\Infobeans\Java\September\19 Sept\EmployeeManagementSystem\src\test\resources
2025-09-20 00:41:01,836 [Worker-37: Building] INFO  o.a.m.s.f.DefaultMavenResourcesFiltering - Copying 0 resource from src\main\resources to target\classes
2025-09-20 00:41:01,838 [Worker-37: Building] INFO  o.a.m.s.f.DefaultMavenResourcesFiltering - skip non existing resourceDirectory D:\Infobeans\Java\September\19 Sept\EmployeeManagementSystem\src\test\resources
2025-09-20 00:41:07,034 [Worker-45: Building] INFO  o.a.m.s.f.DefaultMavenResourcesFiltering - skip non existing resourceDirectory D:\Infobeans\Java\September\19 Sept\EmployeeManagementSystem\src\main\resources
2025-09-20 00:41:07,037 [Worker-45: Building] INFO  o.a.m.s.f.DefaultMavenResourcesFiltering - skip non existing resourceDirectory D:\Infobeans\Java\September\19 Sept\EmployeeManagementSystem\src\test\resources
2025-09-20 00:41:37,797 [Worker-42: Building] INFO  o.a.m.s.f.DefaultMavenResourcesFiltering - Copying 1 resource from src\main\resources to target\classes
2025-09-20 00:41:37,806 [Worker-42: Building] INFO  o.a.m.s.f.DefaultMavenResourcesFiltering - skip non existing resourceDirectory D:\Infobeans\Java\September\19 Sept\EmployeeManagementSystem\src\test\resources
2025-09-20 00:42:30,481 [Worker-37: Building] INFO  o.a.m.s.f.DefaultMavenResourcesFiltering - Copying 1 resource from src\main\resources to target\classes
2025-09-20 00:42:30,485 [Worker-37: Building] INFO  o.a.m.s.f.DefaultMavenResourcesFiltering - skip non existing resourceDirectory D:\Infobeans\Java\September\19 Sept\EmployeeManagementSystem\src\test\resources
2025-09-20 00:42:57,995 [Worker-37: Building] INFO  o.e.m.c.i.l.LifecycleMappingFactory - Using org.eclipse.m2e.jdt.JarLifecycleMapping lifecycle mapping for MavenProject: com.info:EmployeeManagementSystem:0.0.1-SNAPSHOT @ D:\Infobeans\Java\September\19 Sept\EmployeeManagementSystem\pom.xml.
2025-09-20 00:42:58,326 [Worker-37: Building] INFO  o.a.m.s.f.DefaultMavenResourcesFiltering - Copying 0 resource from src\main\resources to target\classes
2025-09-20 00:42:58,329 [Worker-37: Building] INFO  o.a.m.s.f.DefaultMavenResourcesFiltering - skip non existing resourceDirectory D:\Infobeans\Java\September\19 Sept\EmployeeManagementSystem\src\test\resources
2025-09-20 00:42:59,514 [Worker-42: Building] INFO  o.a.m.s.f.DefaultMavenResourcesFiltering - Copying 1 resource from src\main\resources to target\classes
2025-09-20 00:42:59,518 [Worker-42: Building] INFO  o.a.m.s.f.DefaultMavenResourcesFiltering - skip non existing resourceDirectory D:\Infobeans\Java\September\19 Sept\EmployeeManagementSystem\src\test\resources
2025-09-20 00:43:29,889 [Worker-47: Building] INFO  o.a.m.s.f.DefaultMavenResourcesFiltering - Copying 1 resource from src\main\resources to target\classes
2025-09-20 00:43:29,893 [Worker-47: Building] INFO  o.a.m.s.f.DefaultMavenResourcesFiltering - skip non existing resourceDirectory D:\Infobeans\Java\September\19 Sept\EmployeeManagementSystem\src\test\resources
2025-09-20 00:43:47,712 [Worker-46: Building] INFO  o.a.m.s.f.DefaultMavenResourcesFiltering - Copying 1 resource from src\main\resources to target\classes
2025-09-20 00:43:47,715 [Worker-46: Building] INFO  o.a.m.s.f.DefaultMavenResourcesFiltering - skip non existing resourceDirectory D:\Infobeans\Java\September\19 Sept\EmployeeManagementSystem\src\test\resources
2025-09-20 00:47:13,481 [Worker-48: Building] INFO  o.a.m.s.f.DefaultMavenResourcesFiltering - Copying 1 resource from src\main\resources to target\classes
2025-09-20 00:47:13,484 [Worker-48: Building] INFO  o.a.m.s.f.DefaultMavenResourcesFiltering - skip non existing resourceDirectory D:\Infobeans\Java\September\19 Sept\EmployeeManagementSystem\src\test\resources
2025-09-20 00:57:29,357 [Worker-48: Building] INFO  o.a.m.s.f.DefaultMavenResourcesFiltering - Copying 1 resource from src\main\resources to target\classes
2025-09-20 00:57:29,360 [Worker-48: Building] INFO  o.a.m.s.f.DefaultMavenResourcesFiltering - skip non existing resourceDirectory D:\Infobeans\Java\September\19 Sept\EmployeeManagementSystem\src\test\resources
2025-09-20 01:00:55,687 [Worker-48: Launching App (1)] INFO  o.a.m.s.f.DefaultMavenResourcesFiltering - Copying 1 resource from src\main\resources to target\classes
2025-09-20 01:00:55,689 [Worker-48: Launching App (1)] INFO  o.a.m.s.f.DefaultMavenResourcesFiltering - skip non existing resourceDirectory D:\Infobeans\Java\September\19 Sept\EmployeeManagementSystem\src\test\resources
2025-09-20 01:04:10,630 [Worker-37: Launching App (1)] INFO  o.a.m.s.f.DefaultMavenResourcesFiltering - Copying 1 resource from src\main\resources to target\classes
2025-09-20 01:04:10,635 [Worker-37: Launching App (1)] INFO  o.a.m.s.f.DefaultMavenResourcesFiltering - skip non existing resourceDirectory D:\Infobeans\Java\September\19 Sept\EmployeeManagementSystem\src\test\resources
2025-09-20 01:05:45,733 [Worker-29: Launching App (1)] INFO  o.a.m.s.f.DefaultMavenResourcesFiltering - Copying 1 resource from src\main\resources to target\classes
2025-09-20 01:05:45,736 [Worker-29: Launching App (1)] INFO  o.a.m.s.f.DefaultMavenResourcesFiltering - skip non existing resourceDirectory D:\Infobeans\Java\September\19 Sept\EmployeeManagementSystem\src\test\resources
2025-09-20 01:07:06,621 [Worker-29: Launching App (1)] INFO  o.a.m.s.f.DefaultMavenResourcesFiltering - Copying 1 resource from src\main\resources to target\classes
2025-09-20 01:07:06,623 [Worker-29: Launching App (1)] INFO  o.a.m.s.f.DefaultMavenResourcesFiltering - skip non existing resourceDirectory D:\Infobeans\Java\September\19 Sept\EmployeeManagementSystem\src\test\resources
2025-09-20 01:09:40,633 [Worker-45: Launching App (1)] INFO  o.a.m.s.f.DefaultMavenResourcesFiltering - Copying 1 resource from src\main\resources to target\classes
2025-09-20 01:09:40,637 [Worker-45: Launching App (1)] INFO  o.a.m.s.f.DefaultMavenResourcesFiltering - skip non existing resourceDirectory D:\Infobeans\Java\September\19 Sept\EmployeeManagementSystem\src\test\resources
2025-09-20 01:15:24,527 [Worker-48: Launching App (1)] INFO  o.a.m.s.f.DefaultMavenResourcesFiltering - Copying 1 resource from src\main\resources to target\classes
2025-09-20 01:15:24,530 [Worker-48: Launching App (1)] INFO  o.a.m.s.f.DefaultMavenResourcesFiltering - skip non existing resourceDirectory D:\Infobeans\Java\September\19 Sept\EmployeeManagementSystem\src\test\resources
2025-09-20 01:18:06,396 [Worker-49: Launching App (1)] INFO  o.a.m.s.f.DefaultMavenResourcesFiltering - Copying 1 resource from src\main\resources to target\classes
2025-09-20 01:18:06,399 [Worker-49: Launching App (1)] INFO  o.a.m.s.f.DefaultMavenResourcesFiltering - skip non existing resourceDirectory D:\Infobeans\Java\September\19 Sept\EmployeeManagementSystem\src\test\resources
2025-09-20 01:18:37,834 [Worker-50: Launching App (1)] INFO  o.a.m.s.f.DefaultMavenResourcesFiltering - Copying 1 resource from src\main\resources to target\classes
2025-09-20 01:18:37,837 [Worker-50: Launching App (1)] INFO  o.a.m.s.f.DefaultMavenResourcesFiltering - skip non existing resourceDirectory D:\Infobeans\Java\September\19 Sept\EmployeeManagementSystem\src\test\resources
2025-09-20 01:19:48,251 [Worker-52: Launching App (1)] INFO  o.a.m.s.f.DefaultMavenResourcesFiltering - Copying 1 resource from src\main\resources to target\classes
2025-09-20 01:19:48,255 [Worker-52: Launching App (1)] INFO  o.a.m.s.f.DefaultMavenResourcesFiltering - skip non existing resourceDirectory D:\Infobeans\Java\September\19 Sept\EmployeeManagementSystem\src\test\resources
2025-09-20 01:21:32,020 [Worker-51: Launching App (1)] INFO  o.a.m.s.f.DefaultMavenResourcesFiltering - Copying 1 resource from src\main\resources to target\classes
2025-09-20 01:21:32,023 [Worker-51: Launching App (1)] INFO  o.a.m.s.f.DefaultMavenResourcesFiltering - skip non existing resourceDirectory D:\Infobeans\Java\September\19 Sept\EmployeeManagementSystem\src\test\resources
2025-09-20 01:24:34,358 [Worker-29: Launching App (1)] INFO  o.a.m.s.f.DefaultMavenResourcesFiltering - Copying 1 resource from src\main\resources to target\classes
2025-09-20 01:24:34,363 [Worker-29: Launching App (1)] INFO  o.a.m.s.f.DefaultMavenResourcesFiltering - skip non existing resourceDirectory D:\Infobeans\Java\September\19 Sept\EmployeeManagementSystem\src\test\resources
2025-09-20 01:25:06,190 [Worker-52: Building] INFO  o.a.m.s.f.DefaultMavenResourcesFiltering - Copying 1 resource from src\main\resources to target\classes
2025-09-20 01:25:06,191 [Worker-52: Building] INFO  o.a.m.s.f.DefaultMavenResourcesFiltering - skip non existing resourceDirectory D:\Infobeans\Java\September\19 Sept\EmployeeManagementSystem\src\test\resources
2025-09-20 01:28:50,609 [Worker-52: Launching App (1)] INFO  o.a.m.s.f.DefaultMavenResourcesFiltering - Copying 1 resource from src\main\resources to target\classes
2025-09-20 01:28:50,611 [Worker-52: Launching App (1)] INFO  o.a.m.s.f.DefaultMavenResourcesFiltering - skip non existing resourceDirectory D:\Infobeans\Java\September\19 Sept\EmployeeManagementSystem\src\test\resources
2025-09-20 01:30:09,312 [Worker-49: Launching App (1)] INFO  o.a.m.s.f.DefaultMavenResourcesFiltering - Copying 1 resource from src\main\resources to target\classes
2025-09-20 01:30:09,315 [Worker-49: Launching App (1)] INFO  o.a.m.s.f.DefaultMavenResourcesFiltering - skip non existing resourceDirectory D:\Infobeans\Java\September\19 Sept\EmployeeManagementSystem\src\test\resources
2025-09-20 01:31:10,470 [Worker-51: Launching App (1)] INFO  o.a.m.s.f.DefaultMavenResourcesFiltering - Copying 1 resource from src\main\resources to target\classes
2025-09-20 01:31:10,473 [Worker-51: Launching App (1)] INFO  o.a.m.s.f.DefaultMavenResourcesFiltering - skip non existing resourceDirectory D:\Infobeans\Java\September\19 Sept\EmployeeManagementSystem\src\test\resources
2025-09-20 13:01:48,647 [Worker-54: Building] INFO  o.a.m.s.f.DefaultMavenResourcesFiltering - Copying 1 resource from src\main\resources to target\classes
2025-09-20 13:01:48,670 [Worker-54: Building] INFO  o.a.m.s.f.DefaultMavenResourcesFiltering - skip non existing resourceDirectory D:\Infobeans\Java\September\19 Sept\EmployeeManagementSystem\src\test\resources
2025-09-20 13:04:04,543 [Worker-54: Launching App (1)] INFO  o.a.m.s.f.DefaultMavenResourcesFiltering - Copying 1 resource from src\main\resources to target\classes
2025-09-20 13:04:04,549 [Worker-54: Launching App (1)] INFO  o.a.m.s.f.DefaultMavenResourcesFiltering - skip non existing resourceDirectory D:\Infobeans\Java\September\19 Sept\EmployeeManagementSystem\src\test\resources
2025-09-20 13:17:27,921 [Worker-66: Launching App (1)] INFO  o.a.m.s.f.DefaultMavenResourcesFiltering - Copying 1 resource from src\main\resources to target\classes
2025-09-20 13:17:27,928 [Worker-66: Launching App (1)] INFO  o.a.m.s.f.DefaultMavenResourcesFiltering - skip non existing resourceDirectory D:\Infobeans\Java\September\19 Sept\EmployeeManagementSystem\src\test\resources
2025-09-20 13:20:21,053 [Worker-65: Launching App (1)] INFO  o.a.m.s.f.DefaultMavenResourcesFiltering - Copying 1 resource from src\main\resources to target\classes
2025-09-20 13:20:21,061 [Worker-65: Launching App (1)] INFO  o.a.m.s.f.DefaultMavenResourcesFiltering - skip non existing resourceDirectory D:\Infobeans\Java\September\19 Sept\EmployeeManagementSystem\src\test\resources
2025-09-20 13:25:45,619 [Worker-70: Launching App (1)] INFO  o.a.m.s.f.DefaultMavenResourcesFiltering - Copying 1 resource from src\main\resources to target\classes
2025-09-20 13:25:45,624 [Worker-70: Launching App (1)] INFO  o.a.m.s.f.DefaultMavenResourcesFiltering - skip non existing resourceDirectory D:\Infobeans\Java\September\19 Sept\EmployeeManagementSystem\src\test\resources
2025-09-21 00:16:49,428 [Worker-83: Launching App (1)] INFO  o.a.m.s.f.DefaultMavenResourcesFiltering - Copying 1 resource from src\main\resources to target\classes
2025-09-21 00:16:49,436 [Worker-83: Launching App (1)] INFO  o.a.m.s.f.DefaultMavenResourcesFiltering - skip non existing resourceDirectory D:\Infobeans\Java\September\19 Sept\EmployeeManagementSystem\src\test\resources
2025-09-21 00:18:06,458 [Worker-74: Launching App (1)] INFO  o.a.m.s.f.DefaultMavenResourcesFiltering - Copying 1 resource from src\main\resources to target\classes
2025-09-21 00:18:06,461 [Worker-74: Launching App (1)] INFO  o.a.m.s.f.DefaultMavenResourcesFiltering - skip non existing resourceDirectory D:\Infobeans\Java\September\19 Sept\EmployeeManagementSystem\src\test\resources
2025-09-21 00:27:48,894 [Worker-89: Launching App (1)] INFO  o.a.m.s.f.DefaultMavenResourcesFiltering - Copying 1 resource from src\main\resources to target\classes
2025-09-21 00:27:48,907 [Worker-89: Launching App (1)] INFO  o.a.m.s.f.DefaultMavenResourcesFiltering - skip non existing resourceDirectory D:\Infobeans\Java\September\19 Sept\EmployeeManagementSystem\src\test\resources
2025-09-21 00:30:59,266 [Worker-90: Launching App (1)] INFO  o.a.m.s.f.DefaultMavenResourcesFiltering - Copying 1 resource from src\main\resources to target\classes
2025-09-21 00:30:59,272 [Worker-90: Launching App (1)] INFO  o.a.m.s.f.DefaultMavenResourcesFiltering - skip non existing resourceDirectory D:\Infobeans\Java\September\19 Sept\EmployeeManagementSystem\src\test\resources
2025-09-21 00:31:59,597 [Worker-87: Launching App (1)] INFO  o.a.m.s.f.DefaultMavenResourcesFiltering - Copying 1 resource from src\main\resources to target\classes
2025-09-21 00:31:59,601 [Worker-87: Launching App (1)] INFO  o.a.m.s.f.DefaultMavenResourcesFiltering - skip non existing resourceDirectory D:\Infobeans\Java\September\19 Sept\EmployeeManagementSystem\src\test\resources
2025-09-21 00:32:51,975 [Worker-86: Launching App (1)] INFO  o.a.m.s.f.DefaultMavenResourcesFiltering - Copying 1 resource from src\main\resources to target\classes
2025-09-21 00:32:51,979 [Worker-86: Launching App (1)] INFO  o.a.m.s.f.DefaultMavenResourcesFiltering - skip non existing resourceDirectory D:\Infobeans\Java\September\19 Sept\EmployeeManagementSystem\src\test\resources
2025-09-21 00:35:37,633 [Worker-74: Launching App (1)] INFO  o.a.m.s.f.DefaultMavenResourcesFiltering - Copying 1 resource from src\main\resources to target\classes
2025-09-21 00:35:37,637 [Worker-74: Launching App (1)] INFO  o.a.m.s.f.DefaultMavenResourcesFiltering - skip non existing resourceDirectory D:\Infobeans\Java\September\19 Sept\EmployeeManagementSystem\src\test\resources
2025-09-21 00:36:09,872 [Worker-74: Launching App (1)] INFO  o.a.m.s.f.DefaultMavenResourcesFiltering - Copying 1 resource from src\main\resources to target\classes
2025-09-21 00:36:09,876 [Worker-74: Launching App (1)] INFO  o.a.m.s.f.DefaultMavenResourcesFiltering - skip non existing resourceDirectory D:\Infobeans\Java\September\19 Sept\EmployeeManagementSystem\src\test\resources
2025-09-21 00:38:29,267 [Worker-90: Launching App (1)] INFO  o.a.m.s.f.DefaultMavenResourcesFiltering - Copying 1 resource from src\main\resources to target\classes
2025-09-21 00:38:29,270 [Worker-90: Launching App (1)] INFO  o.a.m.s.f.DefaultMavenResourcesFiltering - skip non existing resourceDirectory D:\Infobeans\Java\September\19 Sept\EmployeeManagementSystem\src\test\resources
2025-09-21 00:39:23,653 [Worker-89: Launching App (1)] INFO  o.a.m.s.f.DefaultMavenResourcesFiltering - Copying 1 resource from src\main\resources to target\classes
2025-09-21 00:39:23,656 [Worker-89: Launching App (1)] INFO  o.a.m.s.f.DefaultMavenResourcesFiltering - skip non existing resourceDirectory D:\Infobeans\Java\September\19 Sept\EmployeeManagementSystem\src\test\resources
2025-09-21 00:40:34,601 [Worker-90: Launching App (1)] INFO  o.a.m.s.f.DefaultMavenResourcesFiltering - Copying 1 resource from src\main\resources to target\classes
2025-09-21 00:40:34,605 [Worker-90: Launching App (1)] INFO  o.a.m.s.f.DefaultMavenResourcesFiltering - skip non existing resourceDirectory D:\Infobeans\Java\September\19 Sept\EmployeeManagementSystem\src\test\resources
2025-09-21 00:41:53,758 [Worker-86: Launching App (1)] INFO  o.a.m.s.f.DefaultMavenResourcesFiltering - Copying 1 resource from src\main\resources to target\classes
2025-09-21 00:41:53,762 [Worker-86: Launching App (1)] INFO  o.a.m.s.f.DefaultMavenResourcesFiltering - skip non existing resourceDirectory D:\Infobeans\Java\September\19 Sept\EmployeeManagementSystem\src\test\resources
2025-09-21 00:42:02,592 [Worker-74: Launching App (1)] INFO  o.a.m.s.f.DefaultMavenResourcesFiltering - Copying 1 resource from src\main\resources to target\classes
2025-09-21 00:42:02,595 [Worker-74: Launching App (1)] INFO  o.a.m.s.f.DefaultMavenResourcesFiltering - skip non existing resourceDirectory D:\Infobeans\Java\September\19 Sept\EmployeeManagementSystem\src\test\resources
2025-09-21 00:42:21,739 [Worker-86: Building] INFO  o.a.m.s.f.DefaultMavenResourcesFiltering - Copying 1 resource from src\main\resources to target\classes
2025-09-21 00:42:21,743 [Worker-86: Building] INFO  o.a.m.s.f.DefaultMavenResourcesFiltering - skip non existing resourceDirectory D:\Infobeans\Java\September\19 Sept\EmployeeManagementSystem\src\test\resources
2025-09-21 00:43:10,673 [Worker-86: Launching App (1)] INFO  o.a.m.s.f.DefaultMavenResourcesFiltering - Copying 1 resource from src\main\resources to target\classes
2025-09-21 00:43:10,677 [Worker-86: Launching App (1)] INFO  o.a.m.s.f.DefaultMavenResourcesFiltering - skip non existing resourceDirectory D:\Infobeans\Java\September\19 Sept\EmployeeManagementSystem\src\test\resources
2025-09-21 00:47:00,298 [Worker-92: Launching App (1)] INFO  o.a.m.s.f.DefaultMavenResourcesFiltering - Copying 1 resource from src\main\resources to target\classes
2025-09-21 00:47:00,302 [Worker-92: Launching App (1)] INFO  o.a.m.s.f.DefaultMavenResourcesFiltering - skip non existing resourceDirectory D:\Infobeans\Java\September\19 Sept\EmployeeManagementSystem\src\test\resources
2025-09-21 00:47:23,595 [Worker-86: Launching App (1)] INFO  o.a.m.s.f.DefaultMavenResourcesFiltering - Copying 1 resource from src\main\resources to target\classes
2025-09-21 00:47:23,598 [Worker-86: Launching App (1)] INFO  o.a.m.s.f.DefaultMavenResourcesFiltering - skip non existing resourceDirectory D:\Infobeans\Java\September\19 Sept\EmployeeManagementSystem\src\test\resources
2025-09-21 00:50:19,836 [Worker-92: Launching App (1)] INFO  o.a.m.s.f.DefaultMavenResourcesFiltering - Copying 1 resource from src\main\resources to target\classes
2025-09-21 00:50:19,840 [Worker-92: Launching App (1)] INFO  o.a.m.s.f.DefaultMavenResourcesFiltering - skip non existing resourceDirectory D:\Infobeans\Java\September\19 Sept\EmployeeManagementSystem\src\test\resources
2025-09-21 00:50:38,998 [Worker-92: Launching App (1)] INFO  o.a.m.s.f.DefaultMavenResourcesFiltering - Copying 1 resource from src\main\resources to target\classes
2025-09-21 00:50:39,002 [Worker-92: Launching App (1)] INFO  o.a.m.s.f.DefaultMavenResourcesFiltering - skip non existing resourceDirectory D:\Infobeans\Java\September\19 Sept\EmployeeManagementSystem\src\test\resources
2025-09-21 00:53:31,339 [Worker-90: Launching App (1)] INFO  o.a.m.s.f.DefaultMavenResourcesFiltering - Copying 1 resource from src\main\resources to target\classes
2025-09-21 00:53:31,343 [Worker-90: Launching App (1)] INFO  o.a.m.s.f.DefaultMavenResourcesFiltering - skip non existing resourceDirectory D:\Infobeans\Java\September\19 Sept\EmployeeManagementSystem\src\test\resources
2025-09-21 00:56:17,658 [Worker-95: Launching App (1)] INFO  o.a.m.s.f.DefaultMavenResourcesFiltering - Copying 1 resource from src\main\resources to target\classes
2025-09-21 00:56:17,665 [Worker-95: Launching App (1)] INFO  o.a.m.s.f.DefaultMavenResourcesFiltering - skip non existing resourceDirectory D:\Infobeans\Java\September\19 Sept\EmployeeManagementSystem\src\test\resources
2025-09-21 00:57:45,898 [Worker-96: Launching App (1)] INFO  o.a.m.s.f.DefaultMavenResourcesFiltering - Copying 1 resource from src\main\resources to target\classes
2025-09-21 00:57:45,901 [Worker-96: Launching App (1)] INFO  o.a.m.s.f.DefaultMavenResourcesFiltering - skip non existing resourceDirectory D:\Infobeans\Java\September\19 Sept\EmployeeManagementSystem\src\test\resources
2025-09-21 00:58:27,617 [Worker-90: Building] INFO  o.a.m.s.f.DefaultMavenResourcesFiltering - Copying 1 resource from src\main\resources to target\classes
2025-09-21 00:58:27,620 [Worker-90: Building] INFO  o.a.m.s.f.DefaultMavenResourcesFiltering - skip non existing resourceDirectory D:\Infobeans\Java\September\19 Sept\EmployeeManagementSystem\src\test\resources
2025-09-21 01:01:40,864 [Worker-83: Launching App (1)] INFO  o.a.m.s.f.DefaultMavenResourcesFiltering - Copying 1 resource from src\main\resources to target\classes
2025-09-21 01:01:40,867 [Worker-83: Launching App (1)] INFO  o.a.m.s.f.DefaultMavenResourcesFiltering - skip non existing resourceDirectory D:\Infobeans\Java\September\19 Sept\EmployeeManagementSystem\src\test\resources
2025-09-21 01:05:04,834 [Worker-97: Launching App (1)] INFO  o.a.m.s.f.DefaultMavenResourcesFiltering - Copying 1 resource from src\main\resources to target\classes
2025-09-21 01:05:04,840 [Worker-97: Launching App (1)] INFO  o.a.m.s.f.DefaultMavenResourcesFiltering - skip non existing resourceDirectory D:\Infobeans\Java\September\19 Sept\EmployeeManagementSystem\src\test\resources
2025-09-21 01:05:28,608 [Worker-90: Launching App (1)] INFO  o.a.m.s.f.DefaultMavenResourcesFiltering - Copying 1 resource from src\main\resources to target\classes
2025-09-21 01:05:28,614 [Worker-90: Launching App (1)] INFO  o.a.m.s.f.DefaultMavenResourcesFiltering - skip non existing resourceDirectory D:\Infobeans\Java\September\19 Sept\EmployeeManagementSystem\src\test\resources
2025-09-21 01:07:16,474 [Worker-99: Launching App (1)] INFO  o.a.m.s.f.DefaultMavenResourcesFiltering - Copying 1 resource from src\main\resources to target\classes
2025-09-21 01:07:16,478 [Worker-99: Launching App (1)] INFO  o.a.m.s.f.DefaultMavenResourcesFiltering - skip non existing resourceDirectory D:\Infobeans\Java\September\19 Sept\EmployeeManagementSystem\src\test\resources
2025-09-21 01:10:51,246 [Worker-96: Launching App (1)] INFO  o.a.m.s.f.DefaultMavenResourcesFiltering - Copying 1 resource from src\main\resources to target\classes
2025-09-21 01:10:51,250 [Worker-96: Launching App (1)] INFO  o.a.m.s.f.DefaultMavenResourcesFiltering - skip non existing resourceDirectory D:\Infobeans\Java\September\19 Sept\EmployeeManagementSystem\src\test\resources
2025-09-21 01:15:24,975 [Worker-83: Launching App (1)] INFO  o.a.m.s.f.DefaultMavenResourcesFiltering - Copying 1 resource from src\main\resources to target\classes
2025-09-21 01:15:24,978 [Worker-83: Launching App (1)] INFO  o.a.m.s.f.DefaultMavenResourcesFiltering - skip non existing resourceDirectory D:\Infobeans\Java\September\19 Sept\EmployeeManagementSystem\src\test\resources
2025-09-21 01:15:36,741 [Worker-96: Launching App (1)] INFO  o.a.m.s.f.DefaultMavenResourcesFiltering - Copying 1 resource from src\main\resources to target\classes
2025-09-21 01:15:36,744 [Worker-96: Launching App (1)] INFO  o.a.m.s.f.DefaultMavenResourcesFiltering - skip non existing resourceDirectory D:\Infobeans\Java\September\19 Sept\EmployeeManagementSystem\src\test\resources
2025-09-21 01:16:03,558 [Worker-99: Launching App (1)] INFO  o.a.m.s.f.DefaultMavenResourcesFiltering - Copying 1 resource from src\main\resources to target\classes
2025-09-21 01:16:03,561 [Worker-99: Launching App (1)] INFO  o.a.m.s.f.DefaultMavenResourcesFiltering - skip non existing resourceDirectory D:\Infobeans\Java\September\19 Sept\EmployeeManagementSystem\src\test\resources
2025-09-21 01:19:37,405 [Worker-102: Launching App (1)] INFO  o.a.m.s.f.DefaultMavenResourcesFiltering - Copying 1 resource from src\main\resources to target\classes
2025-09-21 01:19:37,408 [Worker-102: Launching App (1)] INFO  o.a.m.s.f.DefaultMavenResourcesFiltering - skip non existing resourceDirectory D:\Infobeans\Java\September\19 Sept\EmployeeManagementSystem\src\test\resources
2025-09-21 01:20:45,848 [Worker-99: Launching App (1)] INFO  o.a.m.s.f.DefaultMavenResourcesFiltering - Copying 1 resource from src\main\resources to target\classes
2025-09-21 01:20:45,851 [Worker-99: Launching App (1)] INFO  o.a.m.s.f.DefaultMavenResourcesFiltering - skip non existing resourceDirectory D:\Infobeans\Java\September\19 Sept\EmployeeManagementSystem\src\test\resources
2025-09-23 21:22:43,974 [Worker-4: Loading available Gradle versions] INFO  o.e.b.c.i.u.g.PublishedGradleVersions - Gradle version information cache is out-of-date. Trying to update.
